<?xml version="1.0" encoding="UTF-8"?>
<testsuite xmlns:xsi="http://www.w3.org/2001/XMLSchema-instance" xsi:noNamespaceSchemaLocation="https://maven.apache.org/surefire/maven-surefire-plugin/xsd/surefire-test-report.xsd" name="com.zyc.wordlistsp.WordListSpApplicationTests" time="2.306" tests="2" errors="0" skipped="0" failures="0">
  <properties>
[...]
</properties>
  <testcase name="test1" classname="com.zyc.wordlistsp.WordListSpApplicationTests" time="0.293"/>
  <testcase name="contextLoads" classname="com.zyc.wordlistsp.WordListSpApplicationTests" time="0"/>
</testsuite>